#
# There is insufficient memory for the Java Runtime Environment to continue.
# Native memory allocation (malloc) failed to allocate 201136 bytes for Chunk::new
# Possible reasons:
#   The system is out of physical RAM or swap space
#   The process is running with CompressedOops enabled, and the Java Heap may be blocking the growth of the native heap
# Possible solutions:
#   Reduce memory load on the system
#   Increase physical memory or swap space
#   Check if swap backing store is full
#   Decrease Java heap size (-Xmx/-Xms)
#   Decrease number of Java threads
#   Decrease Java thread stack sizes (-Xss)
#   Set larger code cache with -XX:ReservedCodeCacheSize=
#   JVM is running with Unscaled Compressed Oops mode in which the Java heap is
#     placed in the first 4GB address space. The Java Heap base address is the
#     maximum limit for the native heap growth. Please use -XX:HeapBaseMinAddress
#     to set the Java Heap base and to place the Java Heap above 4GB virtual address.
# This output file may be truncated or incomplete.
#
#  Out of Memory Error (allocation.cpp:389), pid=16040, tid=0x0000000000003fa0
#
# JRE version: OpenJDK Runtime Environment (8.0_282-b08) (build 1.8.0_282-b08)
# Java VM: OpenJDK 64-Bit Server VM (25.282-b08 mixed mode windows-amd64 compressed oops)
# Failed to write core dump. Minidumps are not enabled by default on client versions of Windows
#

---------------  T H R E A D  ---------------

Current thread (0x0000000012eec800):  JavaThread "C2 CompilerThread1" daemon [_thread_in_native, id=16288, stack(0x0000000014630000,0x0000000014730000)]

Stack: [0x0000000014630000,0x0000000014730000]
[error occurred during error reporting (printing stack bounds), id 0xc0000005]

Native frames: (J=compiled Java code, j=interpreted, Vv=VM code, C=native code)


Current CompileTask:
C2:   1850  852       4       java.io.WinNTFileSystem::normalize (143 bytes)


---------------  P R O C E S S  ---------------

Java Threads: ( => current thread )
  0x0000000015aca800 JavaThread "DisconnectableInputStream source reader" daemon [_thread_new, id=13200, stack(0x0000000000000000,0x0000000000000000)]
  0x00000000156c9800 JavaThread "Exec process" [_thread_in_vm, id=16228, stack(0x0000000016c40000,0x0000000016d40000)]
  0x00000000156f5800 JavaThread "pool-1-thread-1" [_thread_blocked, id=9972, stack(0x0000000016600000,0x0000000016700000)]
  0x0000000014842800 JavaThread "Service Thread" daemon [_thread_blocked, id=4128, stack(0x0000000014c30000,0x0000000014d30000)]
  0x0000000012eed000 JavaThread "C1 CompilerThread2" daemon [_thread_blocked, id=14372, stack(0x0000000014730000,0x0000000014830000)]
=>0x0000000012eec800 JavaThread "C2 CompilerThread1" daemon [_thread_in_native, id=16288, stack(0x0000000014630000,0x0000000014730000)]
  0x0000000012ef0800 JavaThread "C2 CompilerThread0" daemon [_thread_blocked, id=7308, stack(0x0000000014530000,0x0000000014630000)]
  0x0000000012ee3800 JavaThread "Attach Listener" daemon [_thread_blocked, id=13452, stack(0x0000000014430000,0x0000000014530000)]
  0x0000000012ec1800 JavaThread "Signal Dispatcher" daemon [_thread_blocked, id=5016, stack(0x0000000014330000,0x0000000014430000)]
  0x0000000012eba000 JavaThread "Finalizer" daemon [_thread_blocked, id=6876, stack(0x0000000014130000,0x0000000014230000)]
  0x0000000012eb9000 JavaThread "Reference Handler" daemon [_thread_blocked, id=7492, stack(0x0000000014030000,0x0000000014130000)]
  0x0000000002a77000 JavaThread "main" [_thread_blocked, id=8608, stack(0x0000000002970000,0x0000000002a70000)]

Other Threads:
  0x0000000012e96000 VMThread [stack: 0x0000000013f30000,0x0000000014030000] [id=11448]
  0x0000000012f2e800 WatcherThread [stack: 0x0000000014d30000,0x0000000014e30000] [id=11220]

VM state:not at safepoint (normal execution)

VM Mutex/Monitor currently owned by a thread: None

heap address: 0x00000000fc000000, size: 64 MB, Compressed Oops mode: 32-bit
Narrow klass base: 0x0000000000000000, Narrow klass shift: 3
Compressed class space size: 1073741824 Address: 0x0000000100000000

Heap:
 PSYoungGen      total 18944K, used 16676K [0x00000000feb00000, 0x0000000100000000, 0x0000000100000000)
  eden space 16384K, 86% used [0x00000000feb00000,0x00000000ff8d0548,0x00000000ffb00000)
  from space 2560K, 98% used [0x00000000ffd80000,0x00000000ffff8ca8,0x0000000100000000)
  to   space 2560K, 0% used [0x00000000ffb00000,0x00000000ffb00000,0x00000000ffd80000)
 ParOldGen       total 44032K, used 1412K [0x00000000fc000000, 0x00000000feb00000, 0x00000000feb00000)
  object space 44032K, 3% used [0x00000000fc000000,0x00000000fc161178,0x00000000feb00000)
 Metaspace       used 10961K, capacity 11240K, committed 11392K, reserved 1058816K
  class space    used 1461K, capacity 1598K, committed 1664K, reserved 1048576K

Card table byte_map: [0x0000000000c50000,0x0000000000c80000] byte_map_base: 0x0000000000470000

Marking Bits: (ParMarkBitMap*) 0x0000000075753420
 Begin Bits: [0x0000000012330000, 0x0000000012430000)
 End Bits:   [0x0000000012430000, 0x0000000012530000)

Polling page: 0x0000000000c20000

CodeCache: size=245760Kb used=3540Kb max_used=3545Kb free=242219Kb
 bounds [0x0000000002b70000, 0x0000000002ef0000, 0x0000000011b70000]
 total_blobs=1285 nmethods=925 adapters=273
 compilation: enabled

Compilation events (10 events):
Event: 1.842 Thread 0x0000000012ef0800  921       4       java.lang.ProcessEnvironment$NameComparator::compare (90 bytes)
Event: 1.842 Thread 0x0000000012eed000 nmethod 918 0x0000000002ee1510 code [0x0000000002ee16e0, 0x0000000002ee1f88]
Event: 1.842 Thread 0x0000000012eed000  920       3       java.lang.ProcessEnvironment::access$300 (4 bytes)
Event: 1.843 Thread 0x0000000012eed000 nmethod 920 0x0000000002edef10 code [0x0000000002edf060, 0x0000000002edf190]
Event: 1.843 Thread 0x0000000012eed000  919       3       java.lang.ProcessEnvironment$EntryComparator::compare (25 bytes)
Event: 1.843 Thread 0x0000000012eed000 nmethod 919 0x0000000002ee0c10 code [0x0000000002ee0dc0, 0x0000000002ee1388]
Event: 1.843 Thread 0x0000000012eed000  922       3       java.lang.ProcessEnvironment::addToEnv (20 bytes)
Event: 1.844 Thread 0x0000000012eed000 nmethod 922 0x0000000002ee4310 code [0x0000000002ee4540, 0x0000000002ee5298]
Event: 1.848 Thread 0x0000000012ef0800 nmethod 921 0x0000000002ee7710 code [0x0000000002ee7860, 0x0000000002ee7d18]
Event: 1.849 Thread 0x0000000012ef0800  923       4       java.util.zip.Inflater::ensureOpen (47 bytes)

GC Heap History (4 events):
Event: 0.999 GC heap before
{Heap before GC invocations=1 (full 0):
 PSYoungGen      total 18944K, used 16384K [0x00000000feb00000, 0x0000000100000000, 0x0000000100000000)
  eden space 16384K, 100% used [0x00000000feb00000,0x00000000ffb00000,0x00000000ffb00000)
  from space 2560K, 0% used [0x00000000ffd80000,0x00000000ffd80000,0x0000000100000000)
  to   space 2560K, 0% used [0x00000000ffb00000,0x00000000ffb00000,0x00000000ffd80000)
 ParOldGen       total 44032K, used 0K [0x00000000fc000000, 0x00000000feb00000, 0x00000000feb00000)
  object space 44032K, 0% used [0x00000000fc000000,0x00000000fc000000,0x00000000feb00000)
 Metaspace       used 6123K, capacity 6430K, committed 6528K, reserved 1056768K
  class space    used 740K, capacity 845K, committed 896K, reserved 1048576K
Event: 1.003 GC heap after
Heap after GC invocations=1 (full 0):
 PSYoungGen      total 18944K, used 2485K [0x00000000feb00000, 0x0000000100000000, 0x0000000100000000)
  eden space 16384K, 0% used [0x00000000feb00000,0x00000000feb00000,0x00000000ffb00000)
  from space 2560K, 97% used [0x00000000ffb00000,0x00000000ffd6d5e8,0x00000000ffd80000)
  to   space 2560K, 0% used [0x00000000ffd80000,0x00000000ffd80000,0x0000000100000000)
 ParOldGen       total 44032K, used 8K [0x00000000fc000000, 0x00000000feb00000, 0x00000000feb00000)
  object space 44032K, 0% used [0x00000000fc000000,0x00000000fc002000,0x00000000feb00000)
 Metaspace       used 6123K, capacity 6430K, committed 6528K, reserved 1056768K
  class space    used 740K, capacity 845K, committed 896K, reserved 1048576K
}
Event: 1.258 GC heap before
{Heap before GC invocations=2 (full 0):
 PSYoungGen      total 18944K, used 18869K [0x00000000feb00000, 0x0000000100000000, 0x0000000100000000)
  eden space 16384K, 100% used [0x00000000feb00000,0x00000000ffb00000,0x00000000ffb00000)
  from space 2560K, 97% used [0x00000000ffb00000,0x00000000ffd6d5e8,0x00000000ffd80000)
  to   space 2560K, 0% used [0x00000000ffd80000,0x00000000ffd80000,0x0000000100000000)
 ParOldGen       total 44032K, used 8K [0x00000000fc000000, 0x00000000feb00000, 0x00000000feb00000)
  object space 44032K, 0% used [0x00000000fc000000,0x00000000fc002000,0x00000000feb00000)
 Metaspace       used 8691K, capacity 8928K, committed 8960K, reserved 1056768K
  class space    used 1152K, capacity 1276K, committed 1280K, reserved 1048576K
Event: 1.263 GC heap after
Heap after GC invocations=2 (full 0):
 PSYoungGen      total 18944K, used 2531K [0x00000000feb00000, 0x0000000100000000, 0x0000000100000000)
  eden space 16384K, 0% used [0x00000000feb00000,0x00000000feb00000,0x00000000ffb00000)
  from space 2560K, 98% used [0x00000000ffd80000,0x00000000ffff8ca8,0x0000000100000000)
  to   space 2560K, 0% used [0x00000000ffb00000,0x00000000ffb00000,0x00000000ffd80000)
 ParOldGen       total 44032K, used 1412K [0x00000000fc000000, 0x00000000feb00000, 0x00000000feb00000)
  object space 44032K, 3% used [0x00000000fc000000,0x00000000fc161178,0x00000000feb00000)
 Metaspace       used 8691K, capacity 8928K, committed 8960K, reserved 1056768K
  class space    used 1152K, capacity 1276K, committed 1280K, reserved 1048576K
}

Deoptimization events (9 events):
Event: 1.074 Thread 0x0000000002a77000 Uncommon trap: reason=unstable_if action=reinterpret pc=0x0000000002d63040 method=java.util.regex.Matcher.reset()Ljava/util/regex/Matcher; @ 47
Event: 1.074 Thread 0x0000000002a77000 Uncommon trap: reason=class_check action=maybe_recompile pc=0x0000000002d61204 method=java.util.regex.Matcher.match(II)Z @ 86
Event: 1.074 Thread 0x0000000002a77000 Uncommon trap: reason=class_check action=maybe_recompile pc=0x0000000002d61204 method=java.util.regex.Matcher.match(II)Z @ 86
Event: 1.075 Thread 0x0000000002a77000 Uncommon trap: reason=class_check action=maybe_recompile pc=0x0000000002d61204 method=java.util.regex.Matcher.match(II)Z @ 86
Event: 1.075 Thread 0x0000000002a77000 Uncommon trap: reason=class_check action=maybe_recompile pc=0x0000000002d61204 method=java.util.regex.Matcher.match(II)Z @ 86
Event: 1.077 Thread 0x0000000002a77000 Uncommon trap: reason=unstable_if action=reinterpret pc=0x0000000002cb5750 method=java.util.regex.Pattern.has(I)Z @ 6
Event: 1.254 Thread 0x0000000002a77000 Uncommon trap: reason=unstable_if action=reinterpret pc=0x0000000002e0aae0 method=java.util.HashMap.hash(Ljava/lang/Object;)I @ 1
Event: 1.303 Thread 0x0000000002a77000 Uncommon trap: reason=unstable_if action=reinterpret pc=0x0000000002defa84 method=java.util.HashMap.getNode(ILjava/lang/Object;)Ljava/util/HashMap$Node; @ 129
Event: 1.303 Thread 0x0000000002a77000 Uncommon trap: reason=class_check action=maybe_recompile pc=0x0000000002e79b10 method=java.util.HashMap.putVal(ILjava/lang/Object;Ljava/lang/Object;ZZ)Ljava/lang/Object; @ 203

Classes redefined (0 events):
No events

Internal exceptions (10 events):
Event: 1.254 Thread 0x0000000002a77000 Implicit null exception at 0x0000000002e0a8d5 to 0x0000000002e0aad1
Event: 1.258 Thread 0x0000000002a77000 Exception <a 'java/lang/ArrayIndexOutOfBoundsException'> (0x00000000ffaf0320) thrown at [C:\cygwin64\tmp\build\source\java-1.8.0-openjdk\tmp\jdk8u\hotspot\src\share\vm\runtime\sharedRuntime.cpp, line 605]
Event: 1.264 Thread 0x0000000002a77000 Exception <a 'java/lang/ArrayIndexOutOfBoundsException'> (0x00000000feb18fb8) thrown at [C:\cygwin64\tmp\build\source\java-1.8.0-openjdk\tmp\jdk8u\hotspot\src\share\vm\runtime\sharedRuntime.cpp, line 605]
Event: 1.270 Thread 0x0000000002a77000 Exception <a 'java/lang/ArrayIndexOutOfBoundsException'> (0x00000000feba50f8) thrown at [C:\cygwin64\tmp\build\source\java-1.8.0-openjdk\tmp\jdk8u\hotspot\src\share\vm\runtime\sharedRuntime.cpp, line 605]
Event: 1.270 Thread 0x0000000002a77000 Exception <a 'java/lang/ArrayIndexOutOfBoundsException'> (0x00000000feba6348) thrown at [C:\cygwin64\tmp\build\source\java-1.8.0-openjdk\tmp\jdk8u\hotspot\src\share\vm\runtime\sharedRuntime.cpp, line 605]
Event: 1.270 Thread 0x0000000002a77000 Exception <a 'java/lang/ArrayIndexOutOfBoundsException'> (0x00000000feba80f0) thrown at [C:\cygwin64\tmp\build\source\java-1.8.0-openjdk\tmp\jdk8u\hotspot\src\share\vm\runtime\sharedRuntime.cpp, line 605]
Event: 1.271 Thread 0x0000000002a77000 Exception <a 'java/lang/ArrayIndexOutOfBoundsException'> (0x00000000feba93b0) thrown at [C:\cygwin64\tmp\build\source\java-1.8.0-openjdk\tmp\jdk8u\hotspot\src\share\vm\runtime\sharedRuntime.cpp, line 605]
Event: 1.271 Thread 0x0000000002a77000 Exception <a 'java/lang/ArrayIndexOutOfBoundsException'> (0x00000000febac9b8) thrown at [C:\cygwin64\tmp\build\source\java-1.8.0-openjdk\tmp\jdk8u\hotspot\src\share\vm\runtime\sharedRuntime.cpp, line 605]
Event: 1.271 Thread 0x0000000002a77000 Exception <a 'java/lang/ArrayIndexOutOfBoundsException'> (0x00000000febafac0) thrown at [C:\cygwin64\tmp\build\source\java-1.8.0-openjdk\tmp\jdk8u\hotspot\src\share\vm\runtime\sharedRuntime.cpp, line 605]
Event: 1.271 Thread 0x0000000002a77000 Exception <a 'java/lang/ArrayIndexOutOfBoundsException'> (0x00000000febb1698) thrown at [C:\cygwin64\tmp\build\source\java-1.8.0-openjdk\tmp\jdk8u\hotspot\src\share\vm\runtime\sharedRuntime.cpp, line 605]

Events (10 events):
Event: 1.842 loading class java/lang/Process done
Event: 1.842 loading class java/lang/ProcessImpl done
Event: 1.848 loading class java/lang/ProcessImpl$2
Event: 1.848 loading class java/lang/ProcessImpl$2 done
Event: 1.848 loading class java/lang/ProcessBuilder$NullInputStream
Event: 1.849 loading class java/lang/ProcessBuilder$NullInputStream done
Event: 1.849 loading class org/gradle/util/DisconnectableInputStream$ThreadExecuter
Event: 1.849 loading class org/gradle/util/DisconnectableInputStream$ThreadExecuter done
Event: 1.849 loading class org/gradle/util/DisconnectableInputStream$1
Event: 1.849 loading class org/gradle/util/DisconnectableInputStream$1 done


Dynamic libraries:
0x00007ff6c0aa0000 - 0x00007ff6c0ad5000 	C:\Program Files\OpenJDK\openjdk-8u282-b08\bin\java.exe
0x00007fff4bcc0000 - 0x00007fff4beb0000 	C:\Windows\SYSTEM32\ntdll.dll
0x00007fff4ad10000 - 0x00007fff4adc2000 	C:\Windows\System32\KERNEL32.DLL
0x00007fff48cf0000 - 0x00007fff48f95000 	C:\Windows\System32\KERNELBASE.dll
0x00007fff4b720000 - 0x00007fff4b7c3000 	C:\Windows\System32\ADVAPI32.dll
0x00007fff49f90000 - 0x00007fff4a02e000 	C:\Windows\System32\msvcrt.dll
0x00007fff4ac70000 - 0x00007fff4ad07000 	C:\Windows\System32\sechost.dll
0x00007fff4ab50000 - 0x00007fff4ac6f000 	C:\Windows\System32\RPCRT4.dll
0x00007fff49d80000 - 0x00007fff49f14000 	C:\Windows\System32\USER32.dll
0x00007fff49c60000 - 0x00007fff49c81000 	C:\Windows\System32\win32u.dll
0x00007fff4add0000 - 0x00007fff4adf6000 	C:\Windows\System32\GDI32.dll
0x00007fff49720000 - 0x00007fff498b8000 	C:\Windows\System32\gdi32full.dll
0x00007fff498c0000 - 0x00007fff4995e000 	C:\Windows\System32\msvcp_win.dll
0x00007fff49b40000 - 0x00007fff49c3a000 	C:\Windows\System32\ucrtbase.dll
0x00007fff33400000 - 0x00007fff33684000 	C:\Windows\WinSxS\amd64_microsoft.windows.common-controls_6595b64144ccf1df_6.0.18362.1316_none_9e7a364fe461dbd7\COMCTL32.dll
0x00007fff4b840000 - 0x00007fff4bb77000 	C:\Windows\System32\combase.dll
0x00007fff49960000 - 0x00007fff499e1000 	C:\Windows\System32\bcryptPrimitives.dll
0x00007fff4bb80000 - 0x00007fff4bbae000 	C:\Windows\System32\IMM32.DLL
0x00000000757e0000 - 0x00000000758b2000 	C:\Program Files\OpenJDK\openjdk-8u282-b08\jre\bin\msvcr100.dll
0x0000000074f40000 - 0x00000000757d5000 	C:\Program Files\OpenJDK\openjdk-8u282-b08\jre\bin\server\jvm.dll
0x00007fff49d70000 - 0x00007fff49d78000 	C:\Windows\System32\PSAPI.DLL
0x00007fff35e20000 - 0x00007fff35e29000 	C:\Windows\SYSTEM32\WSOCK32.dll
0x00007fff46500000 - 0x00007fff46524000 	C:\Windows\SYSTEM32\WINMM.dll
0x00007fff42930000 - 0x00007fff4293a000 	C:\Windows\SYSTEM32\VERSION.dll
0x00007fff46440000 - 0x00007fff4646d000 	C:\Windows\SYSTEM32\winmmbase.dll
0x00007fff49c90000 - 0x00007fff49cda000 	C:\Windows\System32\cfgmgr32.dll
0x00007fff4b7d0000 - 0x00007fff4b83f000 	C:\Windows\System32\WS2_32.dll
0x00007fff29e60000 - 0x00007fff29e6f000 	C:\Program Files\OpenJDK\openjdk-8u282-b08\jre\bin\verify.dll
0x00007fff1c790000 - 0x00007fff1c7b9000 	C:\Program Files\OpenJDK\openjdk-8u282-b08\jre\bin\java.dll
0x00007fff27790000 - 0x00007fff277a6000 	C:\Program Files\OpenJDK\openjdk-8u282-b08\jre\bin\zip.dll
0x00007fff4afb0000 - 0x00007fff4b698000 	C:\Windows\System32\SHELL32.dll
0x00007fff4aa10000 - 0x00007fff4aab7000 	C:\Windows\System32\shcore.dll
0x00007fff48fa0000 - 0x00007fff4971b000 	C:\Windows\System32\windows.storage.dll
0x00007fff48b80000 - 0x00007fff48ba3000 	C:\Windows\System32\profapi.dll
0x00007fff48bf0000 - 0x00007fff48c3a000 	C:\Windows\System32\powrprof.dll
0x00007fff48b70000 - 0x00007fff48b80000 	C:\Windows\System32\UMPDC.dll
0x00007fff4aaf0000 - 0x00007fff4ab42000 	C:\Windows\System32\shlwapi.dll
0x00007fff48bd0000 - 0x00007fff48be1000 	C:\Windows\System32\kernel.appcore.dll
0x00007fff49c40000 - 0x00007fff49c57000 	C:\Windows\System32\cryptsp.dll
0x00007fff1f3d0000 - 0x00007fff1f3eb000 	C:\Program Files\OpenJDK\openjdk-8u282-b08\jre\bin\net.dll
0x00007fff48350000 - 0x00007fff483b7000 	C:\Windows\system32\mswsock.dll
0x00007fff1efc0000 - 0x00007fff1efd2000 	C:\Program Files\OpenJDK\openjdk-8u282-b08\jre\bin\nio.dll
0x00007fff1c450000 - 0x00007fff1c47a000 	C:\Users\Anthony\.gradle\native\36\windows-amd64\native-platform.dll
0x00007fff28850000 - 0x00007fff2885a000 	C:\Users\Anthony\.gradle\native\jansi\1.18\windows64\jansi.dll
0x00007fff28820000 - 0x00007fff2882d000 	C:\Program Files\OpenJDK\openjdk-8u282-b08\jre\bin\management.dll
0x00007fff47ed0000 - 0x00007fff47f03000 	C:\Windows\system32\rsaenh.dll
0x00007fff49ce0000 - 0x00007fff49d06000 	C:\Windows\System32\bcrypt.dll
0x00007fff48a90000 - 0x00007fff48ab5000 	C:\Windows\SYSTEM32\USERENV.dll
0x00007fff48520000 - 0x00007fff4852c000 	C:\Windows\SYSTEM32\CRYPTBASE.dll
0x00007fff48060000 - 0x00007fff4809a000 	C:\Windows\SYSTEM32\IPHLPAPI.DLL
0x00007fff4a030000 - 0x00007fff4a038000 	C:\Windows\System32\NSI.dll
0x00007fff3b6d0000 - 0x00007fff3b6e6000 	C:\Windows\SYSTEM32\dhcpcsvc6.DLL
0x00007fff3b6b0000 - 0x00007fff3b6cc000 	C:\Windows\SYSTEM32\dhcpcsvc.DLL
0x00007fff480a0000 - 0x00007fff4816b000 	C:\Windows\SYSTEM32\DNSAPI.dll

VM Arguments:
jvm_args: -Xmx64m -Xms64m -Dorg.gradle.appname=gradlew 
java_command: org.gradle.wrapper.GradleWrapperMain app:installDebug -PreactNativeDevServerPort=8081
java_class_path (initial): D:\HD_Programming_Stuff\HD_Robotics_Code\innovation-challenge\beatrunner\android\\gradle\wrapper\gradle-wrapper.jar
Launcher Type: SUN_STANDARD

Environment Variables:
JAVA_HOME=C:\Program Files\OpenJDK\openjdk-8u282-b08
CLASSPATH=D:\HD_Programming_Stuff\HD_Robotics_Code\innovation-challenge\beatrunner\android\\gradle\wrapper\gradle-wrapper.jar
PATH=D:\HD_Programming_Stuff\HD_NodeJs\node_modules\npm\node_modules\npm-lifecycle\node-gyp-bin;D:\HD_Programming_Stuff\HD_Robotics_Code\innovation-challenge\beatrunner\node_modules\.bin;C:\Users\Anthony\bin;C:\Users\Anthony\AppData\Local\Programs\Git\mingw64\bin;C:\Users\Anthony\AppData\Local\Programs\Git\usr\local\bin;C:\Users\Anthony\AppData\Local\Programs\Git\usr\bin;C:\Users\Anthony\AppData\Local\Programs\Git\usr\bin;C:\Users\Anthony\AppData\Local\Programs\Git\mingw64\bin;C:\Users\Anthony\AppData\Local\Programs\Git\usr\bin;C:\Users\Anthony\bin;C:\Python39\Scripts;C:\Python39;C:\Program Files (x86)\Common Files\Oracle\Java\javapath;C:\Windows\system32;C:\Windows;C:\Windows\System32\Wbem;C:\Windows\System32\WindowsPowerShell\v1.0;C:\Windows\System32\OpenSSH;C:\Program Files (x86)\Intel\Intel(R) Management Engine Components\DAL;C:\Program Files\Intel\Intel(R) Management Engine Components\DAL;C:\Program Files\dotnet;C:\MinGW\bin;C:\ProgramData\chocolatey\bin;C:\Program Files\OpenJDK\openjdk-8u282-b08\bin;D:\HD_Programming_Stuff\HD_NodeJs;C:\Users\Anthony\AppData\Local\Programs\Python\Python38-32\Scripts;C:\Users\Anthony\AppData\Local\Programs\Python\Python38-32;C:\Users\Anthony\AppData\Local\Microsoft\WindowsApps;C:\Users\Anthony\AppData\Local\Programs\Microsoft VS Code\bin;C:\Users\Public\wpilib\2020\roborio\bin;C:\Users\Public\wpilib\2020\frccode;C:\Users\Anthony\AppData\Local\Programs\Git\cmd;C:\Users\Anthony\AppData\Roaming\npm;D:\HD_Android_Sdk\platform-tools;C:\Users\Anthony\AppData\Local\Programs\Git\usr\bin\vendor_perl;C:\Users\Anthony\AppData\Local\Programs\Git\usr\bin\core_perl;C:\Python38
USERNAME=Anthony
SHELL=C:\Users\Anthony\AppData\Local\Programs\Git\usr\bin\bash.exe
DISPLAY=needs-to-be-defined
OS=Windows_NT
PROCESSOR_IDENTIFIER=Intel64 Family 6 Model 142 Stepping 12, GenuineIntel



---------------  S Y S T E M  ---------------

OS: Windows 10.0 , 64 bit Build 18362 (10.0.18362.1316)

CPU:total 4 (initial active 4) (2 cores per cpu, 2 threads per core) family 6 model 142 stepping 12, cmov, cx8, fxsr, mmx, sse, sse2, sse3, ssse3, sse4.1, sse4.2, popcnt, avx, avx2, aes, clmul, erms, 3dnowpref, lzcnt, ht, tsc, tscinvbit, bmi1, bmi2, adx

Memory: 4k page, physical 8263368k(1111092k free), swap 11985068k(2760k free)

vm_info: OpenJDK 64-Bit Server VM (25.282-b08) for windows-amd64 JRE (1.8.0_282-b08), built on Jan 11 2021 12:17:07 by "build" with MS VC++ 10.0 (VS2010)

time: Wed Feb 10 00:03:52 2021
timezone: Eastern Standard Time
elapsed time: 1.855235 seconds (0d 0h 0m 1s)

