#
# There is insufficient memory for the Java Runtime Environment to continue.
# Native memory allocation (malloc) failed to allocate 40656 bytes for Chunk::new
# Possible reasons:
#   The system is out of physical RAM or swap space
#   The process is running with CompressedOops enabled, and the Java Heap may be blocking the growth of the native heap
# Possible solutions:
#   Reduce memory load on the system
#   Increase physical memory or swap space
#   Check if swap backing store is full
#   Decrease Java heap size (-Xmx/-Xms)
#   Decrease number of Java threads
#   Decrease Java thread stack sizes (-Xss)
#   Set larger code cache with -XX:ReservedCodeCacheSize=
#   JVM is running with Unscaled Compressed Oops mode in which the Java heap is
#     placed in the first 4GB address space. The Java Heap base address is the
#     maximum limit for the native heap growth. Please use -XX:HeapBaseMinAddress
#     to set the Java Heap base and to place the Java Heap above 4GB virtual address.
# This output file may be truncated or incomplete.
#
#  Out of Memory Error (allocation.cpp:389), pid=8368, tid=0x00000000000016d0
#
# JRE version: OpenJDK Runtime Environment (8.0_282-b08) (build 1.8.0_282-b08)
# Java VM: OpenJDK 64-Bit Server VM (25.282-b08 mixed mode windows-amd64 compressed oops)
# Failed to write core dump. Minidumps are not enabled by default on client versions of Windows
#

---------------  T H R E A D  ---------------

Current thread (0x0000000012990800):  JavaThread "C2 CompilerThread0" daemon [_thread_in_native, id=5840, stack(0x0000000013fe0000,0x00000000140e0000)]

Stack: [0x0000000013fe0000,0x00000000140e0000]
[error occurred during error reporting (printing stack bounds), id 0xc0000005]

Native frames: (J=compiled Java code, j=interpreted, Vv=VM code, C=native code)


Current CompileTask:
C2:  11116  992 % !   4       java.io.BufferedReader::readLine @ 131 (304 bytes)


---------------  P R O C E S S  ---------------

Java Threads: ( => current thread )
  0x00000000149d8800 JavaThread "DisconnectableInputStream source reader" daemon [_thread_in_native, id=9892, stack(0x00000000169f0000,0x0000000016af0000)]
  0x00000000142f2800 JavaThread "Service Thread" daemon [_thread_blocked, id=2012, stack(0x00000000146e0000,0x00000000147e0000)]
  0x000000001298d800 JavaThread "C1 CompilerThread2" daemon [_thread_blocked, id=11032, stack(0x00000000141e0000,0x00000000142e0000)]
  0x000000001298c800 JavaThread "C2 CompilerThread1" daemon [_thread_blocked, id=16224, stack(0x00000000140e0000,0x00000000141e0000)]
=>0x0000000012990800 JavaThread "C2 CompilerThread0" daemon [_thread_in_native, id=5840, stack(0x0000000013fe0000,0x00000000140e0000)]
  0x0000000012983800 JavaThread "Attach Listener" daemon [_thread_blocked, id=2088, stack(0x0000000013ee0000,0x0000000013fe0000)]
  0x0000000012961800 JavaThread "Signal Dispatcher" daemon [_thread_blocked, id=16160, stack(0x0000000013de0000,0x0000000013ee0000)]
  0x000000001295a000 JavaThread "Finalizer" daemon [_thread_blocked, id=10128, stack(0x0000000013be0000,0x0000000013ce0000)]
  0x0000000012959000 JavaThread "Reference Handler" daemon [_thread_blocked, id=11288, stack(0x0000000013ae0000,0x0000000013be0000)]
  0x0000000002437000 JavaThread "main" [_thread_blocked, id=772, stack(0x0000000002280000,0x0000000002380000)]

Other Threads:
  0x0000000012936000 VMThread [stack: 0x00000000139e0000,0x0000000013ae0000] [id=1212]
  0x00000000129ce800 WatcherThread [stack: 0x00000000147e0000,0x00000000148e0000] [id=9800]

VM state:not at safepoint (normal execution)

VM Mutex/Monitor currently owned by a thread: None

heap address: 0x00000000fc000000, size: 64 MB, Compressed Oops mode: 32-bit
Narrow klass base: 0x0000000000000000, Narrow klass shift: 3
Compressed class space size: 1073741824 Address: 0x0000000100000000

Heap:
 PSYoungGen      total 18944K, used 3827K [0x00000000feb00000, 0x0000000100000000, 0x0000000100000000)
  eden space 16384K, 7% used [0x00000000feb00000,0x00000000fec415c8,0x00000000ffb00000)
  from space 2560K, 99% used [0x00000000ffb00000,0x00000000ffd7b660,0x00000000ffd80000)
  to   space 2560K, 0% used [0x00000000ffd80000,0x00000000ffd80000,0x0000000100000000)
 ParOldGen       total 44032K, used 3693K [0x00000000fc000000, 0x00000000feb00000, 0x00000000feb00000)
  object space 44032K, 8% used [0x00000000fc000000,0x00000000fc39b7d8,0x00000000feb00000)
 Metaspace       used 12087K, capacity 12370K, committed 12800K, reserved 1060864K
  class space    used 1590K, capacity 1697K, committed 1792K, reserved 1048576K

Card table byte_map: [0x0000000002390000,0x00000000023c0000] byte_map_base: 0x0000000001bb0000

Marking Bits: (ParMarkBitMap*) 0x0000000077233420
 Begin Bits: [0x0000000011dd0000, 0x0000000011ed0000)
 End Bits:   [0x0000000011ed0000, 0x0000000011fd0000)

Polling page: 0x00000000005a0000

CodeCache: size=245760Kb used=3745Kb max_used=3756Kb free=242014Kb
 bounds [0x0000000002610000, 0x00000000029c0000, 0x0000000011610000]
 total_blobs=1393 nmethods=1017 adapters=288
 compilation: enabled

Compilation events (10 events):
Event: 11.048 Thread 0x000000001298d800 1008       3       sun.nio.cs.StreamEncoder::ensureOpen (18 bytes)
Event: 11.048 Thread 0x000000001298d800 nmethod 1008 0x00000000029b3d50 code [0x00000000029b3ec0, 0x00000000029b4108]
Event: 11.048 Thread 0x000000001298c800 nmethod 1007 0x00000000029b6ed0 code [0x00000000029b7020, 0x00000000029b7118]
Event: 11.048 Thread 0x000000001298c800 1009       4       org.gradle.internal.logging.text.AbstractLineChoppingStyledTextOutput$StateContext::hasChar (22 bytes)
Event: 11.049 Thread 0x000000001298c800 nmethod 1009 0x00000000029b7250 code [0x00000000029b7380, 0x00000000029b73f8]
Event: 11.049 Thread 0x000000001298c800 1012       4       org.gradle.internal.logging.text.AbstractLineChoppingStyledTextOutput$2::execute (73 bytes)
Event: 11.051 Thread 0x000000001298d800 1013       3       java.nio.CharBuffer::arrayOffset (35 bytes)
Event: 11.051 Thread 0x000000001298c800 nmethod 1012 0x00000000029b5250 code [0x00000000029b53e0, 0x00000000029b5650]
Event: 11.051 Thread 0x000000001298c800 1010       4       org.gradle.internal.logging.text.AbstractLineChoppingStyledTextOutput$1::execute (9 bytes)
Event: 11.051 Thread 0x000000001298d800 nmethod 1013 0x00000000029b4c50 code [0x00000000029b4de0, 0x00000000029b50f8]

GC Heap History (6 events):
Event: 1.061 GC heap before
{Heap before GC invocations=1 (full 0):
 PSYoungGen      total 18944K, used 16384K [0x00000000feb00000, 0x0000000100000000, 0x0000000100000000)
  eden space 16384K, 100% used [0x00000000feb00000,0x00000000ffb00000,0x00000000ffb00000)
  from space 2560K, 0% used [0x00000000ffd80000,0x00000000ffd80000,0x0000000100000000)
  to   space 2560K, 0% used [0x00000000ffb00000,0x00000000ffb00000,0x00000000ffd80000)
 ParOldGen       total 44032K, used 0K [0x00000000fc000000, 0x00000000feb00000, 0x00000000feb00000)
  object space 44032K, 0% used [0x00000000fc000000,0x00000000fc000000,0x00000000feb00000)
 Metaspace       used 6123K, capacity 6430K, committed 6528K, reserved 1056768K
  class space    used 740K, capacity 845K, committed 896K, reserved 1048576K
Event: 1.065 GC heap after
Heap after GC invocations=1 (full 0):
 PSYoungGen      total 18944K, used 2501K [0x00000000feb00000, 0x0000000100000000, 0x0000000100000000)
  eden space 16384K, 0% used [0x00000000feb00000,0x00000000feb00000,0x00000000ffb00000)
  from space 2560K, 97% used [0x00000000ffb00000,0x00000000ffd715d8,0x00000000ffd80000)
  to   space 2560K, 0% used [0x00000000ffd80000,0x00000000ffd80000,0x0000000100000000)
 ParOldGen       total 44032K, used 8K [0x00000000fc000000, 0x00000000feb00000, 0x00000000feb00000)
  object space 44032K, 0% used [0x00000000fc000000,0x00000000fc002000,0x00000000feb00000)
 Metaspace       used 6123K, capacity 6430K, committed 6528K, reserved 1056768K
  class space    used 740K, capacity 845K, committed 896K, reserved 1048576K
}
Event: 1.544 GC heap before
{Heap before GC invocations=2 (full 0):
 PSYoungGen      total 18944K, used 18885K [0x00000000feb00000, 0x0000000100000000, 0x0000000100000000)
  eden space 16384K, 100% used [0x00000000feb00000,0x00000000ffb00000,0x00000000ffb00000)
  from space 2560K, 97% used [0x00000000ffb00000,0x00000000ffd715d8,0x00000000ffd80000)
  to   space 2560K, 0% used [0x00000000ffd80000,0x00000000ffd80000,0x0000000100000000)
 ParOldGen       total 44032K, used 8K [0x00000000fc000000, 0x00000000feb00000, 0x00000000feb00000)
  object space 44032K, 0% used [0x00000000fc000000,0x00000000fc002000,0x00000000feb00000)
 Metaspace       used 8639K, capacity 8896K, committed 8960K, reserved 1056768K
  class space    used 1145K, capacity 1244K, committed 1280K, reserved 1048576K
Event: 1.551 GC heap after
Heap after GC invocations=2 (full 0):
 PSYoungGen      total 18944K, used 2549K [0x00000000feb00000, 0x0000000100000000, 0x0000000100000000)
  eden space 16384K, 0% used [0x00000000feb00000,0x00000000feb00000,0x00000000ffb00000)
  from space 2560K, 99% used [0x00000000ffd80000,0x00000000ffffd490,0x0000000100000000)
  to   space 2560K, 0% used [0x00000000ffb00000,0x00000000ffb00000,0x00000000ffd80000)
 ParOldGen       total 44032K, used 1364K [0x00000000fc000000, 0x00000000feb00000, 0x00000000feb00000)
  object space 44032K, 3% used [0x00000000fc000000,0x00000000fc155358,0x00000000feb00000)
 Metaspace       used 8639K, capacity 8896K, committed 8960K, reserved 1056768K
  class space    used 1145K, capacity 1244K, committed 1280K, reserved 1048576K
}
Event: 11.037 GC heap before
{Heap before GC invocations=3 (full 0):
 PSYoungGen      total 18944K, used 18933K [0x00000000feb00000, 0x0000000100000000, 0x0000000100000000)
  eden space 16384K, 100% used [0x00000000feb00000,0x00000000ffb00000,0x00000000ffb00000)
  from space 2560K, 99% used [0x00000000ffd80000,0x00000000ffffd490,0x0000000100000000)
  to   space 2560K, 0% used [0x00000000ffb00000,0x00000000ffb00000,0x00000000ffd80000)
 ParOldGen       total 44032K, used 1364K [0x00000000fc000000, 0x00000000feb00000, 0x00000000feb00000)
  object space 44032K, 3% used [0x00000000fc000000,0x00000000fc155358,0x00000000feb00000)
 Metaspace       used 12014K, capacity 12274K, committed 12544K, reserved 1060864K
  class space    used 1579K, capacity 1665K, committed 1792K, reserved 1048576K
Event: 11.042 GC heap after
Heap after GC invocations=3 (full 0):
 PSYoungGen      total 18944K, used 2541K [0x00000000feb00000, 0x0000000100000000, 0x0000000100000000)
  eden space 16384K, 0% used [0x00000000feb00000,0x00000000feb00000,0x00000000ffb00000)
  from space 2560K, 99% used [0x00000000ffb00000,0x00000000ffd7b660,0x00000000ffd80000)
  to   space 2560K, 0% used [0x00000000ffd80000,0x00000000ffd80000,0x0000000100000000)
 ParOldGen       total 44032K, used 3693K [0x00000000fc000000, 0x00000000feb00000, 0x00000000feb00000)
  object space 44032K, 8% used [0x00000000fc000000,0x00000000fc39b7d8,0x00000000feb00000)
 Metaspace       used 12014K, capacity 12274K, committed 12544K, reserved 1060864K
  class space    used 1579K, capacity 1665K, committed 1792K, reserved 1048576K
}

Deoptimization events (10 events):
Event: 1.158 Thread 0x0000000002437000 Uncommon trap: reason=unstable_if action=reinterpret pc=0x0000000002807c00 method=java.util.regex.Matcher.reset()Ljava/util/regex/Matcher; @ 47
Event: 1.158 Thread 0x0000000002437000 Uncommon trap: reason=class_check action=maybe_recompile pc=0x00000000027fa684 method=java.util.regex.Matcher.match(II)Z @ 86
Event: 1.158 Thread 0x0000000002437000 Uncommon trap: reason=class_check action=maybe_recompile pc=0x00000000027fa684 method=java.util.regex.Matcher.match(II)Z @ 86
Event: 1.159 Thread 0x0000000002437000 Uncommon trap: reason=class_check action=maybe_recompile pc=0x00000000027fa684 method=java.util.regex.Matcher.match(II)Z @ 86
Event: 1.159 Thread 0x0000000002437000 Uncommon trap: reason=class_check action=maybe_recompile pc=0x00000000027fa684 method=java.util.regex.Matcher.match(II)Z @ 86
Event: 1.576 Thread 0x0000000002437000 Uncommon trap: reason=unstable_if action=reinterpret pc=0x00000000028b6720 method=java.util.HashMap.hash(Ljava/lang/Object;)I @ 1
Event: 1.633 Thread 0x0000000002437000 Uncommon trap: reason=unstable_if action=reinterpret pc=0x00000000028ab244 method=java.util.HashMap.getNode(ILjava/lang/Object;)Ljava/util/HashMap$Node; @ 129
Event: 1.634 Thread 0x0000000002437000 Uncommon trap: reason=class_check action=maybe_recompile pc=0x00000000028fd0c0 method=java.util.HashMap.putVal(ILjava/lang/Object;Ljava/lang/Object;ZZ)Ljava/lang/Object; @ 203
Event: 4.268 Thread 0x0000000015269800 Uncommon trap: reason=class_check action=maybe_recompile pc=0x00000000028fd0c0 method=java.util.HashMap.putVal(ILjava/lang/Object;Ljava/lang/Object;ZZ)Ljava/lang/Object; @ 203
Event: 4.268 Thread 0x0000000015269800 Uncommon trap: reason=class_check action=maybe_recompile pc=0x00000000028fd0c0 method=java.util.HashMap.putVal(ILjava/lang/Object;Ljava/lang/Object;ZZ)Ljava/lang/Object; @ 203

Classes redefined (0 events):
No events

Internal exceptions (10 events):
Event: 1.591 Thread 0x0000000002437000 Exception <a 'java/lang/ArrayIndexOutOfBoundsException'> (0x00000000fec0fb78) thrown at [C:\cygwin64\tmp\build\source\java-1.8.0-openjdk\tmp\jdk8u\hotspot\src\share\vm\runtime\sharedRuntime.cpp, line 605]
Event: 1.591 Thread 0x0000000002437000 Exception <a 'java/lang/ArrayIndexOutOfBoundsException'> (0x00000000fec12d30) thrown at [C:\cygwin64\tmp\build\source\java-1.8.0-openjdk\tmp\jdk8u\hotspot\src\share\vm\runtime\sharedRuntime.cpp, line 605]
Event: 1.592 Thread 0x0000000002437000 Exception <a 'java/lang/ArrayIndexOutOfBoundsException'> (0x00000000fec140f8) thrown at [C:\cygwin64\tmp\build\source\java-1.8.0-openjdk\tmp\jdk8u\hotspot\src\share\vm\runtime\sharedRuntime.cpp, line 605]
Event: 1.592 Thread 0x0000000002437000 Exception <a 'java/lang/ArrayIndexOutOfBoundsException'> (0x00000000fec15dc0) thrown at [C:\cygwin64\tmp\build\source\java-1.8.0-openjdk\tmp\jdk8u\hotspot\src\share\vm\runtime\sharedRuntime.cpp, line 605]
Event: 1.592 Thread 0x0000000002437000 Exception <a 'java/lang/ArrayIndexOutOfBoundsException'> (0x00000000fec17630) thrown at [C:\cygwin64\tmp\build\source\java-1.8.0-openjdk\tmp\jdk8u\hotspot\src\share\vm\runtime\sharedRuntime.cpp, line 605]
Event: 1.592 Thread 0x0000000002437000 Exception <a 'java/lang/ArrayIndexOutOfBoundsException'> (0x00000000fec18710) thrown at [C:\cygwin64\tmp\build\source\java-1.8.0-openjdk\tmp\jdk8u\hotspot\src\share\vm\runtime\sharedRuntime.cpp, line 605]
Event: 1.592 Thread 0x0000000002437000 Exception <a 'java/lang/ArrayIndexOutOfBoundsException'> (0x00000000fec1aa20) thrown at [C:\cygwin64\tmp\build\source\java-1.8.0-openjdk\tmp\jdk8u\hotspot\src\share\vm\runtime\sharedRuntime.cpp, line 605]
Event: 4.092 Thread 0x0000000002437000 Exception <a 'java/net/ConnectException': Connection refused: no further information> (0x00000000ff213e98) thrown at [C:\cygwin64\tmp\build\source\java-1.8.0-openjdk\tmp\jdk8u\hotspot\src\share\vm\prims\jni.cpp, line 738]
Event: 11.030 Thread 0x0000000002437000 Exception <a 'java/io/IOException'> (0x00000000ffa32278) thrown at [C:\cygwin64\tmp\build\source\java-1.8.0-openjdk\tmp\jdk8u\hotspot\src\share\vm\prims\jni.cpp, line 711]
Event: 11.043 Thread 0x0000000014ab2000 Exception <a 'java/io/IOException'> (0x00000000feb67768) thrown at [C:\cygwin64\tmp\build\source\java-1.8.0-openjdk\tmp\jdk8u\hotspot\src\share\vm\prims\jni.cpp, line 711]

Events (10 events):
Event: 11.045 loading class java/util/concurrent/ConcurrentLinkedQueue$Itr
Event: 11.045 loading class java/util/concurrent/ConcurrentLinkedQueue$Itr done
Event: 11.052 loading class org/gradle/execution/MultipleBuildFailures
Event: 11.052 loading class org/gradle/execution/MultipleBuildFailures done
Event: 11.052 loading class org/gradle/internal/logging/services/LoggingBackedStyledTextOutput
Event: 11.052 loading class org/gradle/internal/logging/services/LoggingBackedStyledTextOutput done
Event: 11.053 loading class org/gradle/internal/buildevents/BuildExceptionReporter$FailureDetails
Event: 11.053 loading class org/gradle/internal/buildevents/BuildExceptionReporter$FailureDetails done
Event: 11.053 loading class org/gradle/internal/logging/text/BufferingStyledTextOutput
Event: 11.053 loading class org/gradle/internal/logging/text/BufferingStyledTextOutput done


Dynamic libraries:
0x00007ff6eca00000 - 0x00007ff6eca35000 	C:\Program Files\OpenJDK\openjdk-8u282-b08\bin\java.exe
0x00007ffbcff40000 - 0x00007ffbd0130000 	C:\Windows\SYSTEM32\ntdll.dll
0x00007ffbcef80000 - 0x00007ffbcf032000 	C:\Windows\System32\KERNEL32.DLL
0x00007ffbccf40000 - 0x00007ffbcd1e5000 	C:\Windows\System32\KERNELBASE.dll
0x00007ffbcdff0000 - 0x00007ffbce093000 	C:\Windows\System32\ADVAPI32.dll
0x00007ffbcfa90000 - 0x00007ffbcfb2e000 	C:\Windows\System32\msvcrt.dll
0x00007ffbce0a0000 - 0x00007ffbce137000 	C:\Windows\System32\sechost.dll
0x00007ffbcf970000 - 0x00007ffbcfa8f000 	C:\Windows\System32\RPCRT4.dll
0x00007ffbcf300000 - 0x00007ffbcf494000 	C:\Windows\System32\USER32.dll
0x00007ffbcd460000 - 0x00007ffbcd481000 	C:\Windows\System32\win32u.dll
0x00007ffbcfc10000 - 0x00007ffbcfc36000 	C:\Windows\System32\GDI32.dll
0x00007ffbcd2c0000 - 0x00007ffbcd458000 	C:\Windows\System32\gdi32full.dll
0x00007ffbcde50000 - 0x00007ffbcdeee000 	C:\Windows\System32\msvcp_win.dll
0x00007ffbcdef0000 - 0x00007ffbcdfea000 	C:\Windows\System32\ucrtbase.dll
0x00007ffbaf810000 - 0x00007ffbafa94000 	C:\Windows\WinSxS\amd64_microsoft.windows.common-controls_6595b64144ccf1df_6.0.18362.1316_none_9e7a364fe461dbd7\COMCTL32.dll
0x00007ffbcf610000 - 0x00007ffbcf947000 	C:\Windows\System32\combase.dll
0x00007ffbcd490000 - 0x00007ffbcd511000 	C:\Windows\System32\bcryptPrimitives.dll
0x00007ffbce860000 - 0x00007ffbce88e000 	C:\Windows\System32\IMM32.DLL
0x0000000077e20000 - 0x0000000077ef2000 	C:\Program Files\OpenJDK\openjdk-8u282-b08\jre\bin\msvcr100.dll
0x0000000076a20000 - 0x00000000772b5000 	C:\Program Files\OpenJDK\openjdk-8u282-b08\jre\bin\server\jvm.dll
0x00007ffbcf1f0000 - 0x00007ffbcf1f8000 	C:\Windows\System32\PSAPI.DLL
0x00007ffbca820000 - 0x00007ffbca844000 	C:\Windows\SYSTEM32\WINMM.dll
0x00007ffbc6500000 - 0x00007ffbc650a000 	C:\Windows\SYSTEM32\VERSION.dll
0x00007ffbb1ee0000 - 0x00007ffbb1ee9000 	C:\Windows\SYSTEM32\WSOCK32.dll
0x00007ffbca7f0000 - 0x00007ffbca81d000 	C:\Windows\SYSTEM32\WINMMBASE.dll
0x00007ffbccec0000 - 0x00007ffbccf0a000 	C:\Windows\System32\cfgmgr32.dll
0x00007ffbcf040000 - 0x00007ffbcf0af000 	C:\Windows\System32\WS2_32.dll
0x00007ffbbd4d0000 - 0x00007ffbbd4df000 	C:\Program Files\OpenJDK\openjdk-8u282-b08\jre\bin\verify.dll
0x00007ffbb9ce0000 - 0x00007ffbb9d09000 	C:\Program Files\OpenJDK\openjdk-8u282-b08\jre\bin\java.dll
0x00007ffbba420000 - 0x00007ffbba436000 	C:\Program Files\OpenJDK\openjdk-8u282-b08\jre\bin\zip.dll
0x00007ffbce890000 - 0x00007ffbcef78000 	C:\Windows\System32\SHELL32.dll
0x00007ffbcfc40000 - 0x00007ffbcfce7000 	C:\Windows\System32\shcore.dll
0x00007ffbcd6d0000 - 0x00007ffbcde4b000 	C:\Windows\System32\windows.storage.dll
0x00007ffbcce40000 - 0x00007ffbcce63000 	C:\Windows\System32\profapi.dll
0x00007ffbcce70000 - 0x00007ffbcceba000 	C:\Windows\System32\powrprof.dll
0x00007ffbccdf0000 - 0x00007ffbcce00000 	C:\Windows\System32\UMPDC.dll
0x00007ffbcfbb0000 - 0x00007ffbcfc02000 	C:\Windows\System32\shlwapi.dll
0x00007ffbcce00000 - 0x00007ffbcce11000 	C:\Windows\System32\kernel.appcore.dll
0x00007ffbcd1f0000 - 0x00007ffbcd207000 	C:\Windows\System32\cryptsp.dll
0x00007ffbb8a40000 - 0x00007ffbb8a5b000 	C:\Program Files\OpenJDK\openjdk-8u282-b08\jre\bin\net.dll
0x00007ffbcc5d0000 - 0x00007ffbcc637000 	C:\Windows\system32\mswsock.dll
0x00007ffbb8a20000 - 0x00007ffbb8a32000 	C:\Program Files\OpenJDK\openjdk-8u282-b08\jre\bin\nio.dll
0x00007ffbb7950000 - 0x00007ffbb797a000 	C:\Users\Anthony\.gradle\native\36\windows-amd64\native-platform.dll
0x00007ffbbbca0000 - 0x00007ffbbbcaa000 	C:\Users\Anthony\.gradle\native\jansi\1.18\windows64\jansi.dll
0x00007ffbbb990000 - 0x00007ffbbb99d000 	C:\Program Files\OpenJDK\openjdk-8u282-b08\jre\bin\management.dll
0x00007ffbcc150000 - 0x00007ffbcc183000 	C:\Windows\system32\rsaenh.dll
0x00007ffbccf10000 - 0x00007ffbccf36000 	C:\Windows\System32\bcrypt.dll
0x00007ffbccd10000 - 0x00007ffbccd35000 	C:\Windows\SYSTEM32\USERENV.dll
0x00007ffbcc7a0000 - 0x00007ffbcc7ac000 	C:\Windows\SYSTEM32\CRYPTBASE.dll
0x00007ffbcc2e0000 - 0x00007ffbcc31a000 	C:\Windows\SYSTEM32\IPHLPAPI.DLL
0x00007ffbcf270000 - 0x00007ffbcf278000 	C:\Windows\System32\NSI.dll
0x00007ffbbfaf0000 - 0x00007ffbbfb06000 	C:\Windows\SYSTEM32\dhcpcsvc6.DLL
0x00007ffbbfb30000 - 0x00007ffbbfb4c000 	C:\Windows\SYSTEM32\dhcpcsvc.DLL
0x00007ffbcc320000 - 0x00007ffbcc3eb000 	C:\Windows\SYSTEM32\DNSAPI.dll

VM Arguments:
jvm_args: -Xmx64m -Xms64m -Dorg.gradle.appname=gradlew 
java_command: org.gradle.wrapper.GradleWrapperMain app:installDebug -PreactNativeDevServerPort=8081
java_class_path (initial): D:\HD_Programming_Stuff\HD_Robotics_Code\innovation-challenge\beatrunner\android\\gradle\wrapper\gradle-wrapper.jar
Launcher Type: SUN_STANDARD

Environment Variables:
JAVA_HOME=C:\Program Files\OpenJDK\openjdk-8u282-b08
CLASSPATH=D:\HD_Programming_Stuff\HD_Robotics_Code\innovation-challenge\beatrunner\android\\gradle\wrapper\gradle-wrapper.jar
PATH=D:\HD_Programming_Stuff\HD_NodeJs\node_modules\npm\node_modules\npm-lifecycle\node-gyp-bin;D:\HD_Programming_Stuff\HD_Robotics_Code\innovation-challenge\beatrunner\node_modules\.bin;C:\Users\Anthony\bin;C:\Users\Anthony\AppData\Local\Programs\Git\mingw64\bin;C:\Users\Anthony\AppData\Local\Programs\Git\usr\local\bin;C:\Users\Anthony\AppData\Local\Programs\Git\usr\bin;C:\Users\Anthony\AppData\Local\Programs\Git\usr\bin;C:\Users\Anthony\AppData\Local\Programs\Git\mingw64\bin;C:\Users\Anthony\AppData\Local\Programs\Git\usr\bin;C:\Users\Anthony\bin;C:\Python39\Scripts;C:\Python39;C:\Program Files (x86)\Common Files\Oracle\Java\javapath;C:\Windows\system32;C:\Windows;C:\Windows\System32\Wbem;C:\Windows\System32\WindowsPowerShell\v1.0;C:\Windows\System32\OpenSSH;C:\Program Files (x86)\Intel\Intel(R) Management Engine Components\DAL;C:\Program Files\Intel\Intel(R) Management Engine Components\DAL;C:\Program Files\dotnet;C:\MinGW\bin;C:\ProgramData\chocolatey\bin;C:\Program Files\OpenJDK\openjdk-8u282-b08\bin;D:\HD_Programming_Stuff\HD_NodeJs;C:\Users\Anthony\AppData\Local\Programs\Python\Python38-32\Scripts;C:\Users\Anthony\AppData\Local\Programs\Python\Python38-32;C:\Users\Anthony\AppData\Local\Microsoft\WindowsApps;C:\Users\Anthony\AppData\Local\Programs\Microsoft VS Code\bin;C:\Users\Public\wpilib\2020\roborio\bin;C:\Users\Public\wpilib\2020\frccode;C:\Users\Anthony\AppData\Local\Programs\Git\cmd;C:\Users\Anthony\AppData\Roaming\npm;D:\HD_Android_Sdk\platform-tools;C:\Users\Anthony\AppData\Local\Programs\Git\usr\bin\vendor_perl;C:\Users\Anthony\AppData\Local\Programs\Git\usr\bin\core_perl;C:\Python38
USERNAME=Anthony
SHELL=C:\Users\Anthony\AppData\Local\Programs\Git\usr\bin\bash.exe
DISPLAY=needs-to-be-defined
OS=Windows_NT
PROCESSOR_IDENTIFIER=Intel64 Family 6 Model 142 Stepping 12, GenuineIntel



---------------  S Y S T E M  ---------------

OS: Windows 10.0 , 64 bit Build 18362 (10.0.18362.1316)

CPU:total 4 (initial active 4) (2 cores per cpu, 2 threads per core) family 6 model 142 stepping 12, cmov, cx8, fxsr, mmx, sse, sse2, sse3, ssse3, sse4.1, sse4.2, popcnt, avx, avx2, aes, clmul, erms, 3dnowpref, lzcnt, ht, tsc, tscinvbit, bmi1, bmi2, adx

Memory: 4k page, physical 8263368k(686660k free), swap 12200648k(584k free)

vm_info: OpenJDK 64-Bit Server VM (25.282-b08) for windows-amd64 JRE (1.8.0_282-b08), built on Jan 11 2021 12:17:07 by "build" with MS VC++ 10.0 (VS2010)

time: Tue Feb 09 00:26:09 2021
timezone: Eastern Standard Time
elapsed time: 11.120936 seconds (0d 0h 0m 11s)

