#
# There is insufficient memory for the Java Runtime Environment to continue.
# Native memory allocation (malloc) failed to allocate 32744 bytes for ChunkPool::allocate
# Possible reasons:
#   The system is out of physical RAM or swap space
#   The process is running with CompressedOops enabled, and the Java Heap may be blocking the growth of the native heap
# Possible solutions:
#   Reduce memory load on the system
#   Increase physical memory or swap space
#   Check if swap backing store is full
#   Decrease Java heap size (-Xmx/-Xms)
#   Decrease number of Java threads
#   Decrease Java thread stack sizes (-Xss)
#   Set larger code cache with -XX:ReservedCodeCacheSize=
#   JVM is running with Unscaled Compressed Oops mode in which the Java heap is
#     placed in the first 4GB address space. The Java Heap base address is the
#     maximum limit for the native heap growth. Please use -XX:HeapBaseMinAddress
#     to set the Java Heap base and to place the Java Heap above 4GB virtual address.
# This output file may be truncated or incomplete.
#
#  Out of Memory Error (allocation.cpp:272), pid=14060, tid=0x0000000000002604
#
# JRE version: OpenJDK Runtime Environment (8.0_282-b08) (build 1.8.0_282-b08)
# Java VM: OpenJDK 64-Bit Server VM (25.282-b08 mixed mode windows-amd64 compressed oops)
# Failed to write core dump. Minidumps are not enabled by default on client versions of Windows
#

---------------  T H R E A D  ---------------

Current thread (0x00000000145ab000):  JavaThread "C2 CompilerThread1" daemon [_thread_in_native, id=9732, stack(0x0000000015cf0000,0x0000000015df0000)]

Stack: [0x0000000015cf0000,0x0000000015df0000]
[error occurred during error reporting (printing stack bounds), id 0xc0000005]

Native frames: (J=compiled Java code, j=interpreted, Vv=VM code, C=native code)


Current CompileTask:
C2:   6522 2462       4       java.net.URLClassLoader$1::run (5 bytes)


---------------  P R O C E S S  ---------------

Java Threads: ( => current thread )
  0x000000001812a800 JavaThread "Cache worker for execution history cache (C:\Users\Anthony\.gradle\caches\6.2\executionHistory)" [_thread_blocked, id=5224, stack(0x000000001e010000,0x000000001e110000)]
  0x0000000018127000 JavaThread "Cache worker for cache directory md-rule (C:\Users\Anthony\.gradle\caches\6.2\md-rule)" [_thread_blocked, id=16152, stack(0x000000001db40000,0x000000001dc40000)]
  0x0000000018126800 JavaThread "Cache worker for cache directory md-supplier (C:\Users\Anthony\.gradle\caches\6.2\md-supplier)" [_thread_blocked, id=15704, stack(0x000000001ca10000,0x000000001cb10000)]
  0x0000000018125800 JavaThread "Cache worker for file hash cache (D:\HD_Programming_Stuff\HD_Robotics_Code\innovation-challenge\beatrunner\android\.gradle\6.2\fileHashes)" [_thread_blocked, id=4308, stack(0x000000001dd10000,0x000000001de10000)]
  0x0000000018125000 JavaThread "Cache worker for checksums cache (D:\HD_Programming_Stuff\HD_Robotics_Code\innovation-challenge\beatrunner\android\.gradle\checksums)" [_thread_blocked, id=4852, stack(0x000000001c710000,0x000000001c810000)]
  0x0000000018129800 JavaThread "Cache worker for file hash cache (C:\Users\Anthony\.gradle\caches\6.2\fileHashes)" [_thread_blocked, id=16988, stack(0x000000001a370000,0x000000001a470000)]
  0x0000000018124000 JavaThread "File lock request listener" [_thread_in_native, id=15436, stack(0x000000001a270000,0x000000001a370000)]
  0x0000000018123000 JavaThread "Cache worker for journal cache (C:\Users\Anthony\.gradle\caches\journal-1)" [_thread_blocked, id=9384, stack(0x000000001a170000,0x000000001a270000)]
  0x00000000180e5000 JavaThread "Thread-9" [_thread_blocked, id=1532, stack(0x0000000019e70000,0x0000000019f70000)]
  0x00000000180df800 JavaThread "Stdin handler" [_thread_blocked, id=11412, stack(0x0000000019d70000,0x0000000019e70000)]
  0x00000000180dd000 JavaThread "Asynchronous log dispatcher for DefaultDaemonConnection: socket connection from /127.0.0.1:58047 to /127.0.0.1:58048" [_thread_blocked, id=8504, stack(0x0000000019c70000,0x0000000019d70000)]
  0x00000000180d2000 JavaThread "Daemon worker" [_thread_in_native, id=10840, stack(0x0000000019b70000,0x0000000019c70000)]
  0x00000000180d1000 JavaThread "Cancel handler" [_thread_blocked, id=12028, stack(0x0000000019a70000,0x0000000019b70000)]
  0x00000000180ce000 JavaThread "Handler for socket connection from /127.0.0.1:58047 to /127.0.0.1:58048" [_thread_in_native, id=2084, stack(0x0000000019770000,0x0000000019870000)]
  0x00000000180cb000 JavaThread "Daemon" [_thread_blocked, id=9824, stack(0x0000000019670000,0x0000000019770000)]
  0x00000000180b9000 JavaThread "Daemon periodic checks" [_thread_blocked, id=17368, stack(0x0000000019570000,0x0000000019670000)]
  0x0000000017f9c800 JavaThread "Incoming local TCP Connector on port 58047" [_thread_in_native, id=16184, stack(0x00000000165f0000,0x00000000166f0000)]
  0x000000001804c800 JavaThread "Daemon health stats" [_thread_blocked, id=15252, stack(0x00000000164f0000,0x00000000165f0000)]
  0x0000000015e26000 JavaThread "Service Thread" daemon [_thread_blocked, id=16908, stack(0x00000000162f0000,0x00000000163f0000)]
  0x00000000145af000 JavaThread "C1 CompilerThread2" daemon [_thread_blocked, id=16124, stack(0x00000000161f0000,0x00000000162f0000)]
=>0x00000000145ab000 JavaThread "C2 CompilerThread1" daemon [_thread_in_native, id=9732, stack(0x0000000015cf0000,0x0000000015df0000)]
  0x00000000145b1000 JavaThread "C2 CompilerThread0" daemon [_thread_in_native, id=13848, stack(0x0000000015bf0000,0x0000000015cf0000)]
  0x00000000145a5000 JavaThread "Attach Listener" daemon [_thread_blocked, id=15624, stack(0x0000000015af0000,0x0000000015bf0000)]
  0x00000000145a4000 JavaThread "Signal Dispatcher" daemon [_thread_blocked, id=7364, stack(0x00000000159f0000,0x0000000015af0000)]
  0x000000000316a800 JavaThread "Finalizer" daemon [_thread_blocked, id=13748, stack(0x00000000157f0000,0x00000000158f0000)]
  0x0000000014579000 JavaThread "Reference Handler" daemon [_thread_blocked, id=14528, stack(0x00000000156f0000,0x00000000157f0000)]
  0x0000000003077000 JavaThread "main" [_thread_blocked, id=17076, stack(0x0000000002f30000,0x0000000003030000)]

Other Threads:
  0x0000000014556800 VMThread [stack: 0x00000000155f0000,0x00000000156f0000] [id=14872]
  0x0000000015e28000 WatcherThread [stack: 0x00000000163f0000,0x00000000164f0000] [id=17140]

VM state:not at safepoint (normal execution)

VM Mutex/Monitor currently owned by a thread: None

heap address: 0x00000000e0000000, size: 512 MB, Compressed Oops mode: 32-bit
Narrow klass base: 0x0000000000000000, Narrow klass shift: 3
Compressed class space size: 1073741824 Address: 0x0000000100000000

Heap:
 PSYoungGen      total 76288K, used 40107K [0x00000000f5580000, 0x00000000faa80000, 0x0000000100000000)
  eden space 65536K, 46% used [0x00000000f5580000,0x00000000f73006f0,0x00000000f9580000)
  from space 10752K, 92% used [0x00000000f9580000,0x00000000f9f2a5e0,0x00000000fa000000)
  to   space 10752K, 0% used [0x00000000fa000000,0x00000000fa000000,0x00000000faa80000)
 ParOldGen       total 175104K, used 7243K [0x00000000e0000000, 0x00000000eab00000, 0x00000000f5580000)
  object space 175104K, 4% used [0x00000000e0000000,0x00000000e0712ea8,0x00000000eab00000)
 Metaspace       used 32340K, capacity 33052K, committed 33280K, reserved 1077248K
  class space    used 4339K, capacity 4536K, committed 4608K, reserved 1048576K

Card table byte_map: [0x0000000012530000,0x0000000012640000] byte_map_base: 0x0000000011e30000

Marking Bits: (ParMarkBitMap*) 0x0000000077233420
 Begin Bits: [0x0000000012af0000, 0x00000000132f0000)
 End Bits:   [0x00000000132f0000, 0x0000000013af0000)

Polling page: 0x00000000016d0000

CodeCache: size=245760Kb used=10075Kb max_used=10075Kb free=235685Kb
 bounds [0x0000000003170000, 0x0000000003b50000, 0x0000000012170000]
 total_blobs=3287 nmethods=2582 adapters=617
 compilation: enabled

Compilation events (10 events):
Event: 6.427 Thread 0x00000000145af000 2592       3       java.beans.Introspector::makeQualifiedMethodName (50 bytes)
Event: 6.429 Thread 0x00000000145af000 nmethod 2592 0x0000000003b45d10 code [0x0000000003b45fa0, 0x0000000003b47848]
Event: 6.429 Thread 0x00000000145af000 2595       3       org.codehaus.groovy.reflection.CachedField::getModifiers (8 bytes)
Event: 6.429 Thread 0x00000000145af000 nmethod 2595 0x0000000003b48750 code [0x0000000003b488a0, 0x0000000003b48a90]
Event: 6.429 Thread 0x00000000145af000 2593       3       java.beans.FeatureDescriptor::<init> (137 bytes)
Event: 6.430 Thread 0x00000000145af000 nmethod 2593 0x0000000003b48b50 code [0x0000000003b48da0, 0x0000000003b49e38]
Event: 6.430 Thread 0x00000000145af000 2596       3       groovyjarjarasm.asm.Label::resolve (219 bytes)
Event: 6.430 Thread 0x00000000145af000 nmethod 2596 0x0000000003b4a450 code [0x0000000003b4a600, 0x0000000003b4ab50]
Event: 6.430 Thread 0x00000000145af000 2594       3       java.lang.reflect.Type::getTypeName (5 bytes)
Event: 6.430 Thread 0x00000000145af000 nmethod 2594 0x0000000003b4b050 code [0x0000000003b4b1c0, 0x0000000003b4b3c8]

GC Heap History (10 events):
Event: 2.888 GC heap before
{Heap before GC invocations=2 (full 0):
 PSYoungGen      total 76288K, used 71180K [0x00000000f5580000, 0x00000000faa80000, 0x0000000100000000)
  eden space 65536K, 100% used [0x00000000f5580000,0x00000000f9580000,0x00000000f9580000)
  from space 10752K, 52% used [0x00000000f9580000,0x00000000f9b03028,0x00000000fa000000)
  to   space 10752K, 0% used [0x00000000fa000000,0x00000000fa000000,0x00000000faa80000)
 ParOldGen       total 175104K, used 16K [0x00000000e0000000, 0x00000000eab00000, 0x00000000f5580000)
  object space 175104K, 0% used [0x00000000e0000000,0x00000000e0004000,0x00000000eab00000)
 Metaspace       used 14867K, capacity 15202K, committed 15232K, reserved 1062912K
  class space    used 2008K, capacity 2163K, committed 2176K, reserved 1048576K
Event: 2.898 GC heap after
Heap after GC invocations=2 (full 0):
 PSYoungGen      total 76288K, used 9268K [0x00000000f5580000, 0x00000000faa80000, 0x0000000100000000)
  eden space 65536K, 0% used [0x00000000f5580000,0x00000000f5580000,0x00000000f9580000)
  from space 10752K, 86% used [0x00000000fa000000,0x00000000fa90d008,0x00000000faa80000)
  to   space 10752K, 0% used [0x00000000f9580000,0x00000000f9580000,0x00000000fa000000)
 ParOldGen       total 175104K, used 24K [0x00000000e0000000, 0x00000000eab00000, 0x00000000f5580000)
  object space 175104K, 0% used [0x00000000e0000000,0x00000000e0006000,0x00000000eab00000)
 Metaspace       used 14867K, capacity 15202K, committed 15232K, reserved 1062912K
  class space    used 2008K, capacity 2163K, committed 2176K, reserved 1048576K
}
Event: 3.981 GC heap before
{Heap before GC invocations=3 (full 0):
 PSYoungGen      total 76288K, used 74804K [0x00000000f5580000, 0x00000000faa80000, 0x0000000100000000)
  eden space 65536K, 100% used [0x00000000f5580000,0x00000000f9580000,0x00000000f9580000)
  from space 10752K, 86% used [0x00000000fa000000,0x00000000fa90d008,0x00000000faa80000)
  to   space 10752K, 0% used [0x00000000f9580000,0x00000000f9580000,0x00000000fa000000)
 ParOldGen       total 175104K, used 24K [0x00000000e0000000, 0x00000000eab00000, 0x00000000f5580000)
  object space 175104K, 0% used [0x00000000e0000000,0x00000000e0006000,0x00000000eab00000)
 Metaspace       used 20021K, capacity 20558K, committed 20736K, reserved 1067008K
  class space    used 2866K, capacity 3019K, committed 3072K, reserved 1048576K
Event: 3.991 GC heap after
Heap after GC invocations=3 (full 0):
 PSYoungGen      total 76288K, used 10732K [0x00000000f5580000, 0x00000000faa80000, 0x0000000100000000)
  eden space 65536K, 0% used [0x00000000f5580000,0x00000000f5580000,0x00000000f9580000)
  from space 10752K, 99% used [0x00000000f9580000,0x00000000f9ffb0d0,0x00000000fa000000)
  to   space 10752K, 0% used [0x00000000fa000000,0x00000000fa000000,0x00000000faa80000)
 ParOldGen       total 175104K, used 645K [0x00000000e0000000, 0x00000000eab00000, 0x00000000f5580000)
  object space 175104K, 0% used [0x00000000e0000000,0x00000000e00a14a0,0x00000000eab00000)
 Metaspace       used 20021K, capacity 20558K, committed 20736K, reserved 1067008K
  class space    used 2866K, capacity 3019K, committed 3072K, reserved 1048576K
}
Event: 4.119 GC heap before
{Heap before GC invocations=4 (full 0):
 PSYoungGen      total 76288K, used 21183K [0x00000000f5580000, 0x00000000faa80000, 0x0000000100000000)
  eden space 65536K, 15% used [0x00000000f5580000,0x00000000f5fb4b98,0x00000000f9580000)
  from space 10752K, 99% used [0x00000000f9580000,0x00000000f9ffb0d0,0x00000000fa000000)
  to   space 10752K, 0% used [0x00000000fa000000,0x00000000fa000000,0x00000000faa80000)
 ParOldGen       total 175104K, used 645K [0x00000000e0000000, 0x00000000eab00000, 0x00000000f5580000)
  object space 175104K, 0% used [0x00000000e0000000,0x00000000e00a14a0,0x00000000eab00000)
 Metaspace       used 20672K, capacity 21214K, committed 21296K, reserved 1067008K
  class space    used 2973K, capacity 3127K, committed 3200K, reserved 1048576K
Event: 4.126 GC heap after
Heap after GC invocations=4 (full 0):
 PSYoungGen      total 76288K, used 7373K [0x00000000f5580000, 0x00000000faa80000, 0x0000000100000000)
  eden space 65536K, 0% used [0x00000000f5580000,0x00000000f5580000,0x00000000f9580000)
  from space 10752K, 68% used [0x00000000fa000000,0x00000000fa733408,0x00000000faa80000)
  to   space 10752K, 0% used [0x00000000f9580000,0x00000000f9580000,0x00000000fa000000)
 ParOldGen       total 175104K, used 653K [0x00000000e0000000, 0x00000000eab00000, 0x00000000f5580000)
  object space 175104K, 0% used [0x00000000e0000000,0x00000000e00a34a0,0x00000000eab00000)
 Metaspace       used 20672K, capacity 21214K, committed 21296K, reserved 1067008K
  class space    used 2973K, capacity 3127K, committed 3200K, reserved 1048576K
}
Event: 4.126 GC heap before
{Heap before GC invocations=5 (full 1):
 PSYoungGen      total 76288K, used 7373K [0x00000000f5580000, 0x00000000faa80000, 0x0000000100000000)
  eden space 65536K, 0% used [0x00000000f5580000,0x00000000f5580000,0x00000000f9580000)
  from space 10752K, 68% used [0x00000000fa000000,0x00000000fa733408,0x00000000faa80000)
  to   space 10752K, 0% used [0x00000000f9580000,0x00000000f9580000,0x00000000fa000000)
 ParOldGen       total 175104K, used 653K [0x00000000e0000000, 0x00000000eab00000, 0x00000000f5580000)
  object space 175104K, 0% used [0x00000000e0000000,0x00000000e00a34a0,0x00000000eab00000)
 Metaspace       used 20672K, capacity 21214K, committed 21296K, reserved 1067008K
  class space    used 2973K, capacity 3127K, committed 3200K, reserved 1048576K
Event: 4.171 GC heap after
Heap after GC invocations=5 (full 1):
 PSYoungGen      total 76288K, used 0K [0x00000000f5580000, 0x00000000faa80000, 0x0000000100000000)
  eden space 65536K, 0% used [0x00000000f5580000,0x00000000f5580000,0x00000000f9580000)
  from space 10752K, 0% used [0x00000000fa000000,0x00000000fa000000,0x00000000faa80000)
  to   space 10752K, 0% used [0x00000000f9580000,0x00000000f9580000,0x00000000fa000000)
 ParOldGen       total 175104K, used 7235K [0x00000000e0000000, 0x00000000eab00000, 0x00000000f5580000)
  object space 175104K, 4% used [0x00000000e0000000,0x00000000e0710ea8,0x00000000eab00000)
 Metaspace       used 20672K, capacity 21214K, committed 21296K, reserved 1067008K
  class space    used 2973K, capacity 3127K, committed 3200K, reserved 1048576K
}
Event: 5.625 GC heap before
{Heap before GC invocations=6 (full 1):
 PSYoungGen      total 76288K, used 65536K [0x00000000f5580000, 0x00000000faa80000, 0x0000000100000000)
  eden space 65536K, 100% used [0x00000000f5580000,0x00000000f9580000,0x00000000f9580000)
  from space 10752K, 0% used [0x00000000fa000000,0x00000000fa000000,0x00000000faa80000)
  to   space 10752K, 0% used [0x00000000f9580000,0x00000000f9580000,0x00000000fa000000)
 ParOldGen       total 175104K, used 7235K [0x00000000e0000000, 0x00000000eab00000, 0x00000000f5580000)
  object space 175104K, 4% used [0x00000000e0000000,0x00000000e0710ea8,0x00000000eab00000)
 Metaspace       used 30185K, capacity 30818K, committed 30976K, reserved 1075200K
  class space    used 4152K, capacity 4313K, committed 4352K, reserved 1048576K
Event: 5.633 GC heap after
Heap after GC invocations=6 (full 1):
 PSYoungGen      total 76288K, used 9897K [0x00000000f5580000, 0x00000000faa80000, 0x0000000100000000)
  eden space 65536K, 0% used [0x00000000f5580000,0x00000000f5580000,0x00000000f9580000)
  from space 10752K, 92% used [0x00000000f9580000,0x00000000f9f2a5e0,0x00000000fa000000)
  to   space 10752K, 0% used [0x00000000fa000000,0x00000000fa000000,0x00000000faa80000)
 ParOldGen       total 175104K, used 7243K [0x00000000e0000000, 0x00000000eab00000, 0x00000000f5580000)
  object space 175104K, 4% used [0x00000000e0000000,0x00000000e0712ea8,0x00000000eab00000)
 Metaspace       used 30185K, capacity 30818K, committed 30976K, reserved 1075200K
  class space    used 4152K, capacity 4313K, committed 4352K, reserved 1048576K
}

Deoptimization events (10 events):
Event: 5.894 Thread 0x00000000180d2000 Uncommon trap: reason=class_check action=maybe_recompile pc=0x00000000036ec3d4 method=sun.misc.URLClassPath.getResource(Ljava/lang/String;Z)Lsun/misc/Resource; @ 62
Event: 5.894 Thread 0x00000000180d2000 Uncommon trap: reason=unstable_if action=reinterpret pc=0x00000000038432fc method=java.lang.String.regionMatches(ZILjava/lang/String;II)Z @ 41
Event: 5.938 Thread 0x00000000180d2000 Uncommon trap: reason=class_check action=maybe_recompile pc=0x00000000038799e4 method=sun.misc.URLClassPath.getLoader(I)Lsun/misc/URLClassPath$Loader; @ 239
Event: 5.938 Thread 0x00000000180d2000 Uncommon trap: reason=unstable_if action=reinterpret pc=0x000000000364a3dc method=java.lang.String.regionMatches(ZILjava/lang/String;II)Z @ 41
Event: 5.967 Thread 0x00000000180d2000 Uncommon trap: reason=class_check action=maybe_recompile pc=0x00000000038799e4 method=sun.misc.URLClassPath.getLoader(I)Lsun/misc/URLClassPath$Loader; @ 239
Event: 6.292 Thread 0x00000000180d2000 Uncommon trap: reason=unstable_if action=reinterpret pc=0x000000000341fa7c method=sun.nio.cs.UTF_8$Decoder.decode([BII[C)I @ 30
Event: 6.292 Thread 0x00000000180d2000 Uncommon trap: reason=unstable_if action=reinterpret pc=0x000000000336db10 method=sun.nio.cs.UTF_8$Encoder.encode([CII[B)I @ 33
Event: 6.312 Thread 0x00000000180d2000 Uncommon trap: reason=class_check action=maybe_recompile pc=0x0000000003878f88 method=sun.misc.URLClassPath.getLoader(I)Lsun/misc/URLClassPath$Loader; @ 94
Event: 6.317 Thread 0x00000000180d2000 Uncommon trap: reason=class_check action=maybe_recompile pc=0x000000000386b24c method=sun.misc.URLClassPath.getLoader(I)Lsun/misc/URLClassPath$Loader; @ 239
Event: 6.381 Thread 0x00000000180d2000 Uncommon trap: reason=unstable_if action=reinterpret pc=0x00000000038b4684 method=java.util.WeakHashMap.put(Ljava/lang/Object;Ljava/lang/Object;)Ljava/lang/Object; @ 59

Classes redefined (0 events):
No events

Internal exceptions (10 events):
Event: 6.415 Thread 0x00000000180d2000 Exception <a 'java/lang/ClassNotFoundException': java/io/InputStreamReaderBeanInfo> (0x00000000f6fe3fe0) thrown at [C:\cygwin64\tmp\build\source\java-1.8.0-openjdk\tmp\jdk8u\hotspot\src\share\vm\classfile\systemDictionary.cpp, line 217]
Event: 6.415 Thread 0x00000000180d2000 Exception <a 'java/lang/ClassNotFoundException': java/io/ReaderBeanInfo> (0x00000000f6fe7cf8) thrown at [C:\cygwin64\tmp\build\source\java-1.8.0-openjdk\tmp\jdk8u\hotspot\src\share\vm\classfile\systemDictionary.cpp, line 217]
Event: 6.415 Thread 0x00000000180d2000 Exception <a 'java/lang/ClassNotFoundException': java/io/ReaderCustomizer> (0x00000000f6feba88) thrown at [C:\cygwin64\tmp\build\source\java-1.8.0-openjdk\tmp\jdk8u\hotspot\src\share\vm\classfile\systemDictionary.cpp, line 217]
Event: 6.415 Thread 0x00000000180d2000 Exception <a 'java/lang/ClassNotFoundException': java/io/InputStreamReaderCustomizer> (0x00000000f6ff4558) thrown at [C:\cygwin64\tmp\build\source\java-1.8.0-openjdk\tmp\jdk8u\hotspot\src\share\vm\classfile\systemDictionary.cpp, line 217]
Event: 6.417 Thread 0x00000000180d2000 Exception <a 'java/lang/ClassNotFoundException': java/io/BufferedReaderBeanInfo> (0x00000000f701a338) thrown at [C:\cygwin64\tmp\build\source\java-1.8.0-openjdk\tmp\jdk8u\hotspot\src\share\vm\classfile\systemDictionary.cpp, line 217]
Event: 6.418 Thread 0x00000000180d2000 Exception <a 'java/lang/ClassNotFoundException': java/io/BufferedReaderCustomizer> (0x00000000f701e190) thrown at [C:\cygwin64\tmp\build\source\java-1.8.0-openjdk\tmp\jdk8u\hotspot\src\share\vm\classfile\systemDictionary.cpp, line 217]
Event: 6.422 Thread 0x00000000180d2000 Exception <a 'java/lang/ClassNotFoundException': java/lang/StringBufferBeanInfo> (0x00000000f7131020) thrown at [C:\cygwin64\tmp\build\source\java-1.8.0-openjdk\tmp\jdk8u\hotspot\src\share\vm\classfile\systemDictionary.cpp, line 217]
Event: 6.422 Thread 0x00000000180d2000 Exception <a 'java/lang/ClassNotFoundException': java/lang/AbstractStringBuilderBeanInfo> (0x00000000f7135018) thrown at [C:\cygwin64\tmp\build\source\java-1.8.0-openjdk\tmp\jdk8u\hotspot\src\share\vm\classfile\systemDictionary.cpp, line 217]
Event: 6.422 Thread 0x00000000180d2000 Exception <a 'java/lang/ClassNotFoundException': java/lang/AbstractStringBuilderCustomizer> (0x00000000f7139048) thrown at [C:\cygwin64\tmp\build\source\java-1.8.0-openjdk\tmp\jdk8u\hotspot\src\share\vm\classfile\systemDictionary.cpp, line 217]
Event: 6.427 Thread 0x00000000180d2000 Exception <a 'java/lang/ClassNotFoundException': java/lang/StringBufferCustomizer> (0x00000000f71dd188) thrown at [C:\cygwin64\tmp\build\source\java-1.8.0-openjdk\tmp\jdk8u\hotspot\src\share\vm\classfile\systemDictionary.cpp, line 217]

Events (10 events):
Event: 6.422 loading class java/lang/AbstractStringBuilderCustomizer
Event: 6.422 loading class java/lang/AbstractStringBuilderCustomizer done
Event: 6.422 loading class java/lang/AbstractStringBuilderCustomizer
Event: 6.422 loading class java/lang/AbstractStringBuilderCustomizer done
Event: 6.427 loading class java/lang/StringBufferCustomizer
Event: 6.427 loading class java/lang/StringBufferCustomizer done
Event: 6.427 loading class java/lang/StringBufferCustomizer
Event: 6.427 loading class java/lang/StringBufferCustomizer done
Event: 6.430 loading class groovy/lang/GroovyRuntimeException
Event: 6.430 loading class groovy/lang/GroovyRuntimeException done


Dynamic libraries:
0x00007ff6eca00000 - 0x00007ff6eca35000 	C:\Program Files\OpenJDK\openjdk-8u282-b08\bin\java.exe
0x00007ffbcff40000 - 0x00007ffbd0130000 	C:\Windows\SYSTEM32\ntdll.dll
0x00007ffbcef80000 - 0x00007ffbcf032000 	C:\Windows\System32\KERNEL32.DLL
0x00007ffbccf40000 - 0x00007ffbcd1e5000 	C:\Windows\System32\KERNELBASE.dll
0x00007ffbcdff0000 - 0x00007ffbce093000 	C:\Windows\System32\ADVAPI32.dll
0x00007ffbcfa90000 - 0x00007ffbcfb2e000 	C:\Windows\System32\msvcrt.dll
0x00007ffbce0a0000 - 0x00007ffbce137000 	C:\Windows\System32\sechost.dll
0x00007ffbcf970000 - 0x00007ffbcfa8f000 	C:\Windows\System32\RPCRT4.dll
0x00007ffbcf300000 - 0x00007ffbcf494000 	C:\Windows\System32\USER32.dll
0x00007ffbcd460000 - 0x00007ffbcd481000 	C:\Windows\System32\win32u.dll
0x00007ffbcfc10000 - 0x00007ffbcfc36000 	C:\Windows\System32\GDI32.dll
0x00007ffbcd2c0000 - 0x00007ffbcd458000 	C:\Windows\System32\gdi32full.dll
0x00007ffbcde50000 - 0x00007ffbcdeee000 	C:\Windows\System32\msvcp_win.dll
0x00007ffbcdef0000 - 0x00007ffbcdfea000 	C:\Windows\System32\ucrtbase.dll
0x00007ffbaf810000 - 0x00007ffbafa94000 	C:\Windows\WinSxS\amd64_microsoft.windows.common-controls_6595b64144ccf1df_6.0.18362.1316_none_9e7a364fe461dbd7\COMCTL32.dll
0x00007ffbcf610000 - 0x00007ffbcf947000 	C:\Windows\System32\combase.dll
0x00007ffbcd490000 - 0x00007ffbcd511000 	C:\Windows\System32\bcryptPrimitives.dll
0x00007ffbce860000 - 0x00007ffbce88e000 	C:\Windows\System32\IMM32.DLL
0x0000000077e20000 - 0x0000000077ef2000 	C:\Program Files\OpenJDK\openjdk-8u282-b08\jre\bin\msvcr100.dll
0x0000000076a20000 - 0x00000000772b5000 	C:\Program Files\OpenJDK\openjdk-8u282-b08\jre\bin\server\jvm.dll
0x00007ffbcf1f0000 - 0x00007ffbcf1f8000 	C:\Windows\System32\PSAPI.DLL
0x00007ffbca820000 - 0x00007ffbca844000 	C:\Windows\SYSTEM32\WINMM.dll
0x00007ffbc6500000 - 0x00007ffbc650a000 	C:\Windows\SYSTEM32\VERSION.dll
0x00007ffbb1ee0000 - 0x00007ffbb1ee9000 	C:\Windows\SYSTEM32\WSOCK32.dll
0x00007ffbca7f0000 - 0x00007ffbca81d000 	C:\Windows\SYSTEM32\winmmbase.dll
0x00007ffbccec0000 - 0x00007ffbccf0a000 	C:\Windows\System32\cfgmgr32.dll
0x00007ffbcf040000 - 0x00007ffbcf0af000 	C:\Windows\System32\WS2_32.dll
0x00007ffbbd4d0000 - 0x00007ffbbd4df000 	C:\Program Files\OpenJDK\openjdk-8u282-b08\jre\bin\verify.dll
0x00007ffbb9ce0000 - 0x00007ffbb9d09000 	C:\Program Files\OpenJDK\openjdk-8u282-b08\jre\bin\java.dll
0x00007ffbba420000 - 0x00007ffbba436000 	C:\Program Files\OpenJDK\openjdk-8u282-b08\jre\bin\zip.dll
0x00007ffbce890000 - 0x00007ffbcef78000 	C:\Windows\System32\SHELL32.dll
0x00007ffbcfc40000 - 0x00007ffbcfce7000 	C:\Windows\System32\shcore.dll
0x00007ffbcd6d0000 - 0x00007ffbcde4b000 	C:\Windows\System32\windows.storage.dll
0x00007ffbcce40000 - 0x00007ffbcce63000 	C:\Windows\System32\profapi.dll
0x00007ffbcce70000 - 0x00007ffbcceba000 	C:\Windows\System32\powrprof.dll
0x00007ffbccdf0000 - 0x00007ffbcce00000 	C:\Windows\System32\UMPDC.dll
0x00007ffbcfbb0000 - 0x00007ffbcfc02000 	C:\Windows\System32\shlwapi.dll
0x00007ffbcce00000 - 0x00007ffbcce11000 	C:\Windows\System32\kernel.appcore.dll
0x00007ffbcd1f0000 - 0x00007ffbcd207000 	C:\Windows\System32\cryptsp.dll
0x00007ffbb8a40000 - 0x00007ffbb8a5b000 	C:\Program Files\OpenJDK\openjdk-8u282-b08\jre\bin\net.dll
0x00007ffbcc5d0000 - 0x00007ffbcc637000 	C:\Windows\system32\mswsock.dll
0x00007ffbb8a20000 - 0x00007ffbb8a32000 	C:\Program Files\OpenJDK\openjdk-8u282-b08\jre\bin\nio.dll
0x00007ffbb7950000 - 0x00007ffbb797a000 	C:\Users\Anthony\.gradle\native\36\windows-amd64\native-platform.dll
0x00007ffbbb990000 - 0x00007ffbbb99d000 	C:\Program Files\OpenJDK\openjdk-8u282-b08\jre\bin\management.dll
0x00007ffbcc150000 - 0x00007ffbcc183000 	C:\Windows\system32\rsaenh.dll
0x00007ffbccf10000 - 0x00007ffbccf36000 	C:\Windows\System32\bcrypt.dll
0x00007ffbccd10000 - 0x00007ffbccd35000 	C:\Windows\SYSTEM32\USERENV.dll
0x00007ffbcc7a0000 - 0x00007ffbcc7ac000 	C:\Windows\SYSTEM32\CRYPTBASE.dll
0x00007ffbcc2e0000 - 0x00007ffbcc31a000 	C:\Windows\SYSTEM32\IPHLPAPI.DLL
0x00007ffbcf270000 - 0x00007ffbcf278000 	C:\Windows\System32\NSI.dll
0x00007ffbbfaf0000 - 0x00007ffbbfb06000 	C:\Windows\SYSTEM32\dhcpcsvc6.DLL
0x00007ffbbfb30000 - 0x00007ffbbfb4c000 	C:\Windows\SYSTEM32\dhcpcsvc.DLL
0x00007ffbcc320000 - 0x00007ffbcc3eb000 	C:\Windows\SYSTEM32\DNSAPI.dll

VM Arguments:
jvm_args: -XX:MaxMetaspaceSize=256m -XX:+HeapDumpOnOutOfMemoryError -Xms256m -Xmx512m -Dfile.encoding=windows-1252 -Duser.country=US -Duser.language=en -Duser.variant 
java_command: org.gradle.launcher.daemon.bootstrap.GradleDaemon 6.2
java_class_path (initial): C:\Users\Anthony\.gradle\wrapper\dists\gradle-6.2-all\dvufqs6kielxeao781pmk5huj\gradle-6.2\lib\gradle-launcher-6.2.jar
Launcher Type: SUN_STANDARD

Environment Variables:
JAVA_HOME=C:\Program Files\OpenJDK\openjdk-8u282-b08
CLASSPATH=D:\HD_Programming_Stuff\HD_Robotics_Code\innovation-challenge\beatrunner\android\\gradle\wrapper\gradle-wrapper.jar
USERNAME=Anthony
SHELL=C:\Users\Anthony\AppData\Local\Programs\Git\usr\bin\bash.exe
DISPLAY=needs-to-be-defined
OS=Windows_NT
PROCESSOR_IDENTIFIER=Intel64 Family 6 Model 142 Stepping 12, GenuineIntel



---------------  S Y S T E M  ---------------

OS: Windows 10.0 , 64 bit Build 18362 (10.0.18362.1316)

CPU:total 4 (initial active 4) (2 cores per cpu, 2 threads per core) family 6 model 142 stepping 12, cmov, cx8, fxsr, mmx, sse, sse2, sse3, ssse3, sse4.1, sse4.2, popcnt, avx, avx2, aes, clmul, erms, 3dnowpref, lzcnt, ht, tsc, tscinvbit, bmi1, bmi2, adx

Memory: 4k page, physical 8263368k(698152k free), swap 12200648k(6972k free)

vm_info: OpenJDK 64-Bit Server VM (25.282-b08) for windows-amd64 JRE (1.8.0_282-b08), built on Jan 11 2021 12:17:07 by "build" with MS VC++ 10.0 (VS2010)

time: Tue Feb 09 00:26:09 2021
timezone: Eastern Standard Time
elapsed time: 6.531299 seconds (0d 0h 0m 6s)

